[2025-12-05T07:29:18.610+0000] {taskinstance.py:1157} INFO - Dependencies all met for dep_context=non-requeueable deps ti=<TaskInstance: banking_etl_dag.run_dbt_transform scheduled__2025-12-04T00:00:00+00:00 [queued]>
[2025-12-05T07:29:18.625+0000] {taskinstance.py:1157} INFO - Dependencies all met for dep_context=requeueable deps ti=<TaskInstance: banking_etl_dag.run_dbt_transform scheduled__2025-12-04T00:00:00+00:00 [queued]>
[2025-12-05T07:29:18.625+0000] {taskinstance.py:1359} INFO - Starting attempt 1 of 2
[2025-12-05T07:29:19.316+0000] {taskinstance.py:1380} INFO - Executing <Task(PythonOperator): run_dbt_transform> on 2025-12-04 00:00:00+00:00
[2025-12-05T07:29:19.338+0000] {standard_task_runner.py:57} INFO - Started process 247 to run task
[2025-12-05T07:29:19.346+0000] {standard_task_runner.py:84} INFO - Running: ['***', 'tasks', 'run', 'banking_etl_dag', 'run_dbt_transform', 'scheduled__2025-12-04T00:00:00+00:00', '--job-id', '4', '--raw', '--subdir', 'DAGS_FOLDER/banking_etl_dag.py', '--cfg-path', '/tmp/tmpohbbx74c']
[2025-12-05T07:29:19.354+0000] {standard_task_runner.py:85} INFO - Job 4: Subtask run_dbt_transform
[2025-12-05T07:29:19.419+0000] {logging_mixin.py:151} WARNING - /home/***/.local/lib/python3.8/site-packages/***/settings.py:195 DeprecationWarning: The sql_alchemy_conn option in [core] has been moved to the sql_alchemy_conn option in [database] - the old setting has been used, but please update your config.
[2025-12-05T07:29:19.518+0000] {task_command.py:415} INFO - Running <TaskInstance: banking_etl_dag.run_dbt_transform scheduled__2025-12-04T00:00:00+00:00 [running]> on host 11872921af6b
[2025-12-05T07:29:19.653+0000] {taskinstance.py:1660} INFO - Exporting env vars: AIRFLOW_CTX_DAG_OWNER='fatur' AIRFLOW_CTX_DAG_ID='banking_etl_dag' AIRFLOW_CTX_TASK_ID='run_dbt_transform' AIRFLOW_CTX_EXECUTION_DATE='2025-12-04T00:00:00+00:00' AIRFLOW_CTX_TRY_NUMBER='1' AIRFLOW_CTX_DAG_RUN_ID='scheduled__2025-12-04T00:00:00+00:00'
[2025-12-05T07:29:19.669+0000] {taskinstance.py:1935} ERROR - Task failed with exception
Traceback (most recent call last):
  File "/home/airflow/.local/lib/python3.8/site-packages/airflow/operators/python.py", line 192, in execute
    return_value = self.execute_callable()
  File "/home/airflow/.local/lib/python3.8/site-packages/airflow/operators/python.py", line 209, in execute_callable
    return self.python_callable(*self.op_args, **self.op_kwargs)
  File "/opt/airflow/dags/banking_etl_dag.py", line 29, in run_dbt_transform
    subprocess.run(["dbt", "run", "--project-dir", "/opt/airflow/dbt_project"], check=True)
  File "/usr/local/lib/python3.8/subprocess.py", line 493, in run
    with Popen(*popenargs, **kwargs) as process:
  File "/usr/local/lib/python3.8/subprocess.py", line 858, in __init__
    self._execute_child(args, executable, preexec_fn, close_fds,
  File "/usr/local/lib/python3.8/subprocess.py", line 1720, in _execute_child
    raise child_exception_type(errno_num, err_msg, err_filename)
PermissionError: [Errno 13] Permission denied: 'dbt'
[2025-12-05T07:29:19.698+0000] {taskinstance.py:1398} INFO - Marking task as UP_FOR_RETRY. dag_id=banking_etl_dag, task_id=run_dbt_transform, execution_date=20251204T000000, start_date=20251205T072918, end_date=20251205T072919
[2025-12-05T07:29:19.714+0000] {standard_task_runner.py:104} ERROR - Failed to execute job 4 for task run_dbt_transform ([Errno 13] Permission denied: 'dbt'; 247)
[2025-12-05T07:29:19.729+0000] {local_task_job_runner.py:228} INFO - Task exited with return code 1
[2025-12-05T07:29:19.761+0000] {taskinstance.py:2776} INFO - 0 downstream tasks scheduled from follow-on schedule check
