[0m23:03:15.932656 [debug] [MainThread]: Sending event: {'category': 'dbt', 'action': 'invocation', 'label': 'start', 'context': [<snowplow_tracker.self_describing_json.SelfDescribingJson object at 0x10cfb1850>, <snowplow_tracker.self_describing_json.SelfDescribingJson object at 0x10cf64150>, <snowplow_tracker.self_describing_json.SelfDescribingJson object at 0x10cff9e90>]}


============================== 23:03:15.939871 | 5cc6d5fc-538b-453e-a148-c6e6a77ddff8 ==============================
[0m23:03:15.939871 [info ] [MainThread]: Running with dbt=1.10.15
[0m23:03:15.940685 [debug] [MainThread]: running dbt with arguments {'introspect': 'True', 'use_colors': 'True', 'warn_error_options': 'WarnErrorOptionsV2(error=[], warn=[], silence=[])', 'fail_fast': 'False', 'use_experimental_parser': 'False', 'log_format': 'default', 'log_cache_events': 'False', 'write_json': 'True', 'static_parser': 'True', 'quiet': 'False', 'no_print': 'None', 'profiles_dir': '/Users/akmalpba/.dbt', 'cache_selected_only': 'False', 'warn_error': 'None', 'send_anonymous_usage_stats': 'True', 'log_path': 'logs', 'version_check': 'True', 'partial_parse': 'True', 'printer_width': '80', 'target_path': 'None', 'indirect_selection': 'eager', 'invocation_command': 'dbt init banking_dw', 'empty': 'None', 'debug': 'False'}
[0m23:03:15.979114 [debug] [MainThread]: Starter project path: /Library/Frameworks/Python.framework/Versions/3.11/lib/python3.11/site-packages/dbt/include/starter_project
[0m23:03:15.991338 [info ] [MainThread]: 
Your new dbt project "banking_dw" was created!

For more information on how to configure the profiles.yml file,
please consult the dbt documentation here:

  https://docs.getdbt.com/docs/configure-your-profile

One more thing:

Need help? Don't hesitate to reach out to us via GitHub issues or on Slack:

  https://community.getdbt.com/

Happy modeling!

[0m23:03:15.991903 [info ] [MainThread]: Setting up your profile.
[0m23:03:38.682653 [debug] [MainThread]: Resource report: {"command_name": "init", "command_success": true, "command_wall_clock_time": 22.838652, "process_in_blocks": "0", "process_kernel_time": 0.499936, "process_mem_max_rss": "111947776", "process_out_blocks": "0", "process_user_time": 1.747741}
[0m23:03:38.683535 [debug] [MainThread]: Command `dbt init` succeeded at 23:03:38.683353 after 22.84 seconds
[0m23:03:38.684070 [debug] [MainThread]: Sending event: {'category': 'dbt', 'action': 'invocation', 'label': 'end', 'context': [<snowplow_tracker.self_describing_json.SelfDescribingJson object at 0x10c261fd0>, <snowplow_tracker.self_describing_json.SelfDescribingJson object at 0x10cf64510>, <snowplow_tracker.self_describing_json.SelfDescribingJson object at 0x10cf5f590>]}
[0m23:03:38.684608 [debug] [MainThread]: Flushing usage events
[0m23:03:40.125497 [debug] [MainThread]: An error was encountered while trying to flush usage events
