[2025-12-05T08:17:03.102+0000] {taskinstance.py:1157} INFO - Dependencies all met for dep_context=non-requeueable deps ti=<TaskInstance: banking_etl_dag.run_dbt_transform manual__2025-12-05T08:17:00.436997+00:00 [queued]>
[2025-12-05T08:17:03.110+0000] {taskinstance.py:1157} INFO - Dependencies all met for dep_context=requeueable deps ti=<TaskInstance: banking_etl_dag.run_dbt_transform manual__2025-12-05T08:17:00.436997+00:00 [queued]>
[2025-12-05T08:17:03.110+0000] {taskinstance.py:1359} INFO - Starting attempt 1 of 1
[2025-12-05T08:17:03.123+0000] {taskinstance.py:1380} INFO - Executing <Task(PythonOperator): run_dbt_transform> on 2025-12-05 08:17:00.436997+00:00
[2025-12-05T08:17:03.129+0000] {standard_task_runner.py:57} INFO - Started process 173 to run task
[2025-12-05T08:17:03.132+0000] {standard_task_runner.py:84} INFO - Running: ['***', 'tasks', 'run', 'banking_etl_dag', 'run_dbt_transform', 'manual__2025-12-05T08:17:00.436997+00:00', '--job-id', '8', '--raw', '--subdir', 'DAGS_FOLDER/banking_etl_dag.py', '--cfg-path', '/tmp/tmpbqbssay5']
[2025-12-05T08:17:03.135+0000] {standard_task_runner.py:85} INFO - Job 8: Subtask run_dbt_transform
[2025-12-05T08:17:03.208+0000] {task_command.py:415} INFO - Running <TaskInstance: banking_etl_dag.run_dbt_transform manual__2025-12-05T08:17:00.436997+00:00 [running]> on host ***-scheduler
[2025-12-05T08:17:03.314+0000] {taskinstance.py:1660} INFO - Exporting env vars: AIRFLOW_CTX_DAG_OWNER='***' AIRFLOW_CTX_DAG_ID='banking_etl_dag' AIRFLOW_CTX_TASK_ID='run_dbt_transform' AIRFLOW_CTX_EXECUTION_DATE='2025-12-05T08:17:00.436997+00:00' AIRFLOW_CTX_TRY_NUMBER='1' AIRFLOW_CTX_DAG_RUN_ID='manual__2025-12-05T08:17:00.436997+00:00'
[2025-12-05T08:17:06.124+0000] {taskinstance.py:1935} ERROR - Task failed with exception
Traceback (most recent call last):
  File "/home/airflow/.local/lib/python3.8/site-packages/airflow/operators/python.py", line 192, in execute
    return_value = self.execute_callable()
  File "/home/airflow/.local/lib/python3.8/site-packages/airflow/operators/python.py", line 209, in execute_callable
    return self.python_callable(*self.op_args, **self.op_kwargs)
  File "/opt/airflow/dags/banking_etl_dag.py", line 11, in run_dbt
    subprocess.run(["dbt", "run", "--project-dir", "/opt/airflow/dbt_project"], check=True)
  File "/usr/local/lib/python3.8/subprocess.py", line 516, in run
    raise CalledProcessError(retcode, process.args,
subprocess.CalledProcessError: Command '['dbt', 'run', '--project-dir', '/opt/airflow/dbt_project']' returned non-zero exit status 2.
[2025-12-05T08:17:06.143+0000] {taskinstance.py:1398} INFO - Marking task as FAILED. dag_id=banking_etl_dag, task_id=run_dbt_transform, execution_date=20251205T081700, start_date=20251205T081703, end_date=20251205T081706
[2025-12-05T08:17:06.158+0000] {standard_task_runner.py:104} ERROR - Failed to execute job 8 for task run_dbt_transform (Command '['dbt', 'run', '--project-dir', '/opt/airflow/dbt_project']' returned non-zero exit status 2.; 173)
[2025-12-05T08:17:06.184+0000] {local_task_job_runner.py:228} INFO - Task exited with return code 1
[2025-12-05T08:17:06.216+0000] {taskinstance.py:2776} INFO - 0 downstream tasks scheduled from follow-on schedule check
